<?xml version="1.0" encoding="UTF-8"?>
<testsuite xmlns:xsi="http://www.w3.org/2001/XMLSchema-instance" xsi:noNamespaceSchemaLocation="https://maven.apache.org/surefire/maven-surefire-plugin/xsd/surefire-test-report-3.0.xsd" version="3.0" name="com.shoppingwebsitemail.MailService.MailServiceApplicationTests" time="58.482" tests="1" errors="0" skipped="0" failures="0">
  <properties>
[...]
</properties>
  <testcase name="contextLoads" classname="com.shoppingwebsitemail.MailService.MailServiceApplicationTests" time="33.34">
    <system-out><![CDATA[15:10:49.509 [main] INFO org.springframework.test.context.support.AnnotationConfigContextLoaderUtils -- Could not detect default configuration classes for test class [com.shoppingwebsitemail.MailService.MailServiceApplicationTests]: MailServiceApplicationTests does not declare any static, non-private, non-final, nested classes annotated with @Configuration.
15:10:51.535 [main] INFO org.springframework.boot.test.context.SpringBootTestContextBootstrapper -- Found @SpringBootConfiguration com.shoppingwebsitemail.MailService.MailServiceApplication for test class com.shoppingwebsitemail.MailService.MailServiceApplicationTests

  .   ____          _            __ _ _
 /\\ / ___'_ __ _ _(_)_ __  __ _ \ \ \ \
( ( )\___ | '_ | '_| | '_ \/ _` | \ \ \ \
 \\/  ___)| |_)| | | | | || (_| |  ) ) ) )
  '  |____| .__|_| |_|_| |_\__, | / / / /
 =========|_|==============|___/=/_/_/_/
 :: Spring Boot ::                (v3.2.3)

2024-02-25T15:10:55.097+05:30  INFO 4808 --- [           main] c.s.M.MailServiceApplicationTests        : Starting MailServiceApplicationTests using Java 17.0.9 with PID 4808 (started by 93900 in C:\Users\93900\ShoppingBackend\MailService)
2024-02-25T15:10:55.100+05:30  INFO 4808 --- [           main] c.s.M.MailServiceApplicationTests        : No active profile set, falling back to 1 default profile: "default"
2024-02-25T15:11:09.931+05:30  INFO 4808 --- [           main] c.s.M.MailServiceApplicationTests        : Started MailServiceApplicationTests in 17.445 seconds (process running for 30.397)
]]></system-out>
  </testcase>
</testsuite>